2025-04-04 09:01:16.468641 - Received CBT.V508.FILE392.PDS from FILE392.XMI 
2025-04-04 09:01:16.474890 - Found $$$$CPYR.txt (text/plain) in CBT.V508.FILE392.PDS, moved to PDS/$$$$CPYR
2025-04-04 09:01:16.475205 - Found $$$#DATE.txt (text/plain) in CBT.V508.FILE392.PDS, moved to PDS/$$$#DATE
2025-04-04 09:01:16.475345 - Found $$$INDEX.txt (text/plain) in CBT.V508.FILE392.PDS, moved to PDS/$$$INDEX
2025-04-04 09:01:16.475497 - Found $$$INST.txt (text/plain) in CBT.V508.FILE392.PDS, moved to PDS/$$$INST
2025-04-04 09:01:16.475633 - Found $$$SPLIT.jcl (text/plain) in CBT.V508.FILE392.PDS, moved to PDS/$$$SPLIT
2025-04-04 09:01:16.475775 - Found $$ASM.jcl (text/plain) in CBT.V508.FILE392.PDS, moved to PDS/$$ASM
2025-04-04 09:01:16.475911 - Found $$ASM#CT.jcl (text/plain) in CBT.V508.FILE392.PDS, moved to PDS/$$ASM#CT
2025-04-04 09:01:16.476043 - Found $$ASM#HT.jcl (text/plain) in CBT.V508.FILE392.PDS, moved to PDS/$$ASM#HT
2025-04-04 09:01:16.476175 - Found $$ASMALL.jcl (text/plain) in CBT.V508.FILE392.PDS, moved to PDS/$$ASMALL
2025-04-04 09:01:16.476309 - Found $$ASMATH.jcl (text/plain) in CBT.V508.FILE392.PDS, moved to PDS/$$ASMATH
2025-04-04 09:01:16.476440 - Found $$ASMCHK.jcl (text/plain) in CBT.V508.FILE392.PDS, moved to PDS/$$ASMCHK
2025-04-04 09:01:16.476562 - Found $$ASMDOC.jcl (text/plain) in CBT.V508.FILE392.PDS, moved to PDS/$$ASMDOC
2025-04-04 09:01:16.476681 - Found $$ASMISR.jcl (text/plain) in CBT.V508.FILE392.PDS, moved to PDS/$$ASMISR
2025-04-04 09:01:16.476798 - Found $$ASMO.jcl (text/plain) in CBT.V508.FILE392.PDS, moved to PDS/$$ASMO
2025-04-04 09:01:16.476929 - Found $$ASMO1.jcl (text/plain) in CBT.V508.FILE392.PDS, moved to PDS/$$ASMO1
2025-04-04 09:01:16.477069 - Found $$ASMX.jcl (text/plain) in CBT.V508.FILE392.PDS, moved to PDS/$$ASMX
2025-04-04 09:01:16.477206 - Found $$IPOALL.jcl (text/plain) in CBT.V508.FILE392.PDS, moved to PDS/$$IPOALL
2025-04-04 09:01:16.477324 - Found $$MAC.jcl (text/plain) in CBT.V508.FILE392.PDS, moved to PDS/$$MAC
2025-04-04 09:01:16.477448 - Found $$NEWALL.jcl (text/plain) in CBT.V508.FILE392.PDS, moved to PDS/$$NEWALL
2025-04-04 09:01:16.477579 - Found $$NEWASM.jcl (text/plain) in CBT.V508.FILE392.PDS, moved to PDS/$$NEWASM
2025-04-04 09:01:16.477698 - Found $$NEWCHK.jcl (text/plain) in CBT.V508.FILE392.PDS, moved to PDS/$$NEWCHK
2025-04-04 09:01:16.477813 - Found $$NEWDOC.jcl (text/plain) in CBT.V508.FILE392.PDS, moved to PDS/$$NEWDOC
2025-04-04 09:01:16.477967 - Found $$NEWMAC.jcl (text/plain) in CBT.V508.FILE392.PDS, moved to PDS/$$NEWMAC
2025-04-04 09:01:16.478147 - Found $DBGFLGS.txt (text/plain) in CBT.V508.FILE392.PDS, moved to PDS/$DBGFLGS
2025-04-04 09:01:16.478284 - Found $INCLUDE.txt (text/plain) in CBT.V508.FILE392.PDS, moved to PDS/$INCLUDE
2025-04-04 09:01:16.478427 - Found $INCLUDX.txt (text/plain) in CBT.V508.FILE392.PDS, moved to PDS/$INCLUDX
2025-04-04 09:01:16.478557 - Found $JQT.txt (text/plain) in CBT.V508.FILE392.PDS, moved to PDS/$JQT
2025-04-04 09:01:16.478647 - Found $NULL.x-empty (application/x-empty) in CBT.V508.FILE392.PDS, moved to PDS/$NULL
2025-04-04 09:01:16.478772 - Found $ORDER.txt (text/plain) in CBT.V508.FILE392.PDS, moved to PDS/$ORDER
2025-04-04 09:01:16.478902 - Found $UFDOC.txt (text/plain) in CBT.V508.FILE392.PDS, moved to PDS/$UFDOC
2025-04-04 09:01:16.479024 - Found $UPDATES.txt (text/plain) in CBT.V508.FILE392.PDS, moved to PDS/$UPDATES
2025-04-04 09:01:16.479150 - Found #MHELP.txt (text/plain) in CBT.V508.FILE392.PDS, moved to PDS/#MHELP
2025-04-04 09:01:16.479283 - Found @FILE392.txt (text/plain) in CBT.V508.FILE392.PDS, moved to PDS/@FILE392
2025-04-04 09:01:16.479410 - Found A24.txt (text/plain) in CBT.V508.FILE392.PDS, moved to PDS/A24
2025-04-04 09:01:16.479536 - Found A31.txt (text/plain) in CBT.V508.FILE392.PDS, moved to PDS/A31
2025-04-04 09:01:16.479669 - Found BOX.txt (text/plain) in CBT.V508.FILE392.PDS, moved to PDS/BOX
2025-04-04 09:01:16.479790 - Found C.txt (text/plain) in CBT.V508.FILE392.PDS, moved to PDS/C
2025-04-04 09:01:16.479913 - Found GLA.txt (text/plain) in CBT.V508.FILE392.PDS, moved to PDS/GLA
2025-04-04 09:01:16.480032 - Found ISRQ.txt (text/plain) in CBT.V508.FILE392.PDS, moved to PDS/ISRQ
2025-04-04 09:01:16.480164 - Found OACFSORT.txt (text/plain) in CBT.V508.FILE392.PDS, moved to PDS/OACFSORT
2025-04-04 09:01:16.480313 - Found OACFSRT.txt (text/plain) in CBT.V508.FILE392.PDS, moved to PDS/OACFSRT
2025-04-04 09:01:16.480450 - Found Q$BUFFER.txt (text/plain) in CBT.V508.FILE392.PDS, moved to PDS/Q$BUFFER
2025-04-04 09:01:16.480569 - Found Q$CHK.txt (text/plain) in CBT.V508.FILE392.PDS, moved to PDS/Q$CHK
2025-04-04 09:01:16.480706 - Found Q$DAS.txt (text/plain) in CBT.V508.FILE392.PDS, moved to PDS/Q$DAS
2025-04-04 09:01:16.480852 - Found Q$DCT.txt (text/plain) in CBT.V508.FILE392.PDS, moved to PDS/Q$DCT
2025-04-04 09:01:16.480985 - Found Q$HASB.txt (text/plain) in CBT.V508.FILE392.PDS, moved to PDS/Q$HASB
2025-04-04 09:01:16.481111 - Found Q$HCCT.txt (text/plain) in CBT.V508.FILE392.PDS, moved to PDS/Q$HCCT
2025-04-04 09:01:16.481235 - Found Q$HCT.txt (text/plain) in CBT.V508.FILE392.PDS, moved to PDS/Q$HCT
2025-04-04 09:01:16.481351 - Found Q$HDP.txt (text/plain) in CBT.V508.FILE392.PDS, moved to PDS/Q$HDP
2025-04-04 09:01:16.481482 - Found Q$HFAME.txt (text/plain) in CBT.V508.FILE392.PDS, moved to PDS/Q$HFAME
2025-04-04 09:01:16.481606 - Found Q$HQR.txt (text/plain) in CBT.V508.FILE392.PDS, moved to PDS/Q$HQR
2025-04-04 09:01:16.481727 - Found Q$HQT.txt (text/plain) in CBT.V508.FILE392.PDS, moved to PDS/Q$HQT
2025-04-04 09:01:16.481846 - Found Q$IOT.txt (text/plain) in CBT.V508.FILE392.PDS, moved to PDS/Q$IOT
2025-04-04 09:01:16.481977 - Found Q$JCT.txt (text/plain) in CBT.V508.FILE392.PDS, moved to PDS/Q$JCT
2025-04-04 09:01:16.482095 - Found Q$JOE.txt (text/plain) in CBT.V508.FILE392.PDS, moved to PDS/Q$JOE
2025-04-04 09:01:16.482211 - Found Q$JOT.txt (text/plain) in CBT.V508.FILE392.PDS, moved to PDS/Q$JOT
2025-04-04 09:01:16.482333 - Found Q$JQE.txt (text/plain) in CBT.V508.FILE392.PDS, moved to PDS/Q$JQE
2025-04-04 09:01:16.482458 - Found Q$JQT.txt (text/plain) in CBT.V508.FILE392.PDS, moved to PDS/Q$JQT
2025-04-04 09:01:16.482577 - Found Q$KAC.txt (text/plain) in CBT.V508.FILE392.PDS, moved to PDS/Q$KAC
2025-04-04 09:01:16.482690 - Found Q$KIT.txt (text/plain) in CBT.V508.FILE392.PDS, moved to PDS/Q$KIT
2025-04-04 09:01:16.482805 - Found Q$LCK.txt (text/plain) in CBT.V508.FILE392.PDS, moved to PDS/Q$LCK
2025-04-04 09:01:16.482925 - Found Q$LMT.txt (text/plain) in CBT.V508.FILE392.PDS, moved to PDS/Q$LMT
2025-04-04 09:01:16.483042 - Found Q$LRC.txt (text/plain) in CBT.V508.FILE392.PDS, moved to PDS/Q$LRC
2025-04-04 09:01:16.483153 - Found Q$MIT.txt (text/plain) in CBT.V508.FILE392.PDS, moved to PDS/Q$MIT
2025-04-04 09:01:16.483270 - Found Q$NHD.txt (text/plain) in CBT.V508.FILE392.PDS, moved to PDS/Q$NHD
2025-04-04 09:01:16.483385 - Found Q$NHSB.txt (text/plain) in CBT.V508.FILE392.PDS, moved to PDS/Q$NHSB
2025-04-04 09:01:16.483504 - Found Q$PADDR.txt (text/plain) in CBT.V508.FILE392.PDS, moved to PDS/Q$PADDR
2025-04-04 09:01:16.483629 - Found Q$PCE.txt (text/plain) in CBT.V508.FILE392.PDS, moved to PDS/Q$PCE
2025-04-04 09:01:16.483762 - Found Q$PDDB.txt (text/plain) in CBT.V508.FILE392.PDS, moved to PDS/Q$PDDB
2025-04-04 09:01:16.483906 - Found Q$PIT.txt (text/plain) in CBT.V508.FILE392.PDS, moved to PDS/Q$PIT
2025-04-04 09:01:16.484022 - Found Q$QSE.txt (text/plain) in CBT.V508.FILE392.PDS, moved to PDS/Q$QSE
2025-04-04 09:01:16.484145 - Found Q$RDT.txt (text/plain) in CBT.V508.FILE392.PDS, moved to PDS/Q$RDT
2025-04-04 09:01:16.484263 - Found Q$SJB.txt (text/plain) in CBT.V508.FILE392.PDS, moved to PDS/Q$SJB
2025-04-04 09:01:16.484389 - Found Q$SVT.txt (text/plain) in CBT.V508.FILE392.PDS, moved to PDS/Q$SVT
2025-04-04 09:01:16.484505 - Found Q$TAB.txt (text/plain) in CBT.V508.FILE392.PDS, moved to PDS/Q$TAB
2025-04-04 09:01:16.484627 - Found Q$TGM.txt (text/plain) in CBT.V508.FILE392.PDS, moved to PDS/Q$TGM
2025-04-04 09:01:16.484750 - Found Q$TQE.txt (text/plain) in CBT.V508.FILE392.PDS, moved to PDS/Q$TQE
2025-04-04 09:01:16.484881 - Found Q$XECB.txt (text/plain) in CBT.V508.FILE392.PDS, moved to PDS/Q$XECB
2025-04-04 09:01:16.485002 - Found Q##ALL.txt (text/plain) in CBT.V508.FILE392.PDS, moved to PDS/Q##ALL
2025-04-04 09:01:16.485118 - Found Q##END.txt (text/plain) in CBT.V508.FILE392.PDS, moved to PDS/Q##END
2025-04-04 09:01:16.485232 - Found Q##MXREF.txt (text/plain) in CBT.V508.FILE392.PDS, moved to PDS/Q##MXREF
2025-04-04 09:01:16.485346 - Found Q##TITLE.txt (text/plain) in CBT.V508.FILE392.PDS, moved to PDS/Q##TITLE
2025-04-04 09:01:16.485459 - Found Q#AF.txt (text/plain) in CBT.V508.FILE392.PDS, moved to PDS/Q#AF
2025-04-04 09:01:16.485601 - Found Q#AF@@.txt (text/plain) in CBT.V508.FILE392.PDS, moved to PDS/Q#AF@@
2025-04-04 09:01:16.485731 - Found Q#AFX.txt (text/plain) in CBT.V508.FILE392.PDS, moved to PDS/Q#AFX
2025-04-04 09:01:16.485848 - Found Q#AL.txt (text/plain) in CBT.V508.FILE392.PDS, moved to PDS/Q#AL
2025-04-04 09:01:16.485970 - Found Q#AL@.txt (text/plain) in CBT.V508.FILE392.PDS, moved to PDS/Q#AL@
2025-04-04 09:01:16.486084 - Found Q#AT.txt (text/plain) in CBT.V508.FILE392.PDS, moved to PDS/Q#AT
2025-04-04 09:01:16.486211 - Found Q#AT@.txt (text/plain) in CBT.V508.FILE392.PDS, moved to PDS/Q#AT@
2025-04-04 09:01:16.486343 - Found Q#BL.txt (text/plain) in CBT.V508.FILE392.PDS, moved to PDS/Q#BL
2025-04-04 09:01:16.486458 - Found Q#CB.txt (text/plain) in CBT.V508.FILE392.PDS, moved to PDS/Q#CB
2025-04-04 09:01:16.486574 - Found Q#CB#ACF.txt (text/plain) in CBT.V508.FILE392.PDS, moved to PDS/Q#CB#ACF
2025-04-04 09:01:16.486694 - Found Q#CB#HCT.txt (text/plain) in CBT.V508.FILE392.PDS, moved to PDS/Q#CB#HCT
2025-04-04 09:01:16.486809 - Found Q#CB#IOT.txt (text/plain) in CBT.V508.FILE392.PDS, moved to PDS/Q#CB#IOT
2025-04-04 09:01:16.486935 - Found Q#CB#JCT.txt (text/plain) in CBT.V508.FILE392.PDS, moved to PDS/Q#CB#JCT
2025-04-04 09:01:16.487053 - Found Q#CB#JOE.txt (text/plain) in CBT.V508.FILE392.PDS, moved to PDS/Q#CB#JOE
2025-04-04 09:01:16.487173 - Found Q#CB#JOT.txt (text/plain) in CBT.V508.FILE392.PDS, moved to PDS/Q#CB#JOT
2025-04-04 09:01:16.487308 - Found Q#CB#JQE.txt (text/plain) in CBT.V508.FILE392.PDS, moved to PDS/Q#CB#JQE
2025-04-04 09:01:16.487422 - Found Q#CB#PDB.txt (text/plain) in CBT.V508.FILE392.PDS, moved to PDS/Q#CB#PDB
2025-04-04 09:01:16.487537 - Found Q#CH.txt (text/plain) in CBT.V508.FILE392.PDS, moved to PDS/Q#CH
2025-04-04 09:01:16.487659 - Found Q#CK.txt (text/plain) in CBT.V508.FILE392.PDS, moved to PDS/Q#CK
2025-04-04 09:01:16.487770 - Found Q#CP.txt (text/plain) in CBT.V508.FILE392.PDS, moved to PDS/Q#CP
2025-04-04 09:01:16.487884 - Found Q#CT.txt (text/plain) in CBT.V508.FILE392.PDS, moved to PDS/Q#CT
2025-04-04 09:01:16.488020 - Found Q#DD.txt (text/plain) in CBT.V508.FILE392.PDS, moved to PDS/Q#DD
2025-04-04 09:01:16.488143 - Found Q#DD@.txt (text/plain) in CBT.V508.FILE392.PDS, moved to PDS/Q#DD@
2025-04-04 09:01:16.488281 - Found Q#DL.txt (text/plain) in CBT.V508.FILE392.PDS, moved to PDS/Q#DL
2025-04-04 09:01:16.488407 - Found Q#DY.txt (text/plain) in CBT.V508.FILE392.PDS, moved to PDS/Q#DY
2025-04-04 09:01:16.488524 - Found Q#DY@LDW.txt (text/plain) in CBT.V508.FILE392.PDS, moved to PDS/Q#DY@LDW
2025-04-04 09:01:16.488635 - Found Q#FJ.txt (text/plain) in CBT.V508.FILE392.PDS, moved to PDS/Q#FJ
2025-04-04 09:01:16.488753 - Found Q#FM.txt (text/plain) in CBT.V508.FILE392.PDS, moved to PDS/Q#FM
2025-04-04 09:01:16.488870 - Found Q#FM@.txt (text/plain) in CBT.V508.FILE392.PDS, moved to PDS/Q#FM@
2025-04-04 09:01:16.488981 - Found Q#FR.txt (text/plain) in CBT.V508.FILE392.PDS, moved to PDS/Q#FR
2025-04-04 09:01:16.489106 - Found Q#FR@.txt (text/plain) in CBT.V508.FILE392.PDS, moved to PDS/Q#FR@
2025-04-04 09:01:16.489220 - Found Q#GP.txt (text/plain) in CBT.V508.FILE392.PDS, moved to PDS/Q#GP
2025-04-04 09:01:16.489331 - Found Q#GR.txt (text/plain) in CBT.V508.FILE392.PDS, moved to PDS/Q#GR
2025-04-04 09:01:16.489452 - Found Q#HB.txt (text/plain) in CBT.V508.FILE392.PDS, moved to PDS/Q#HB
2025-04-04 09:01:16.489567 - Found Q#HE.txt (text/plain) in CBT.V508.FILE392.PDS, moved to PDS/Q#HE
2025-04-04 09:01:16.489701 - Found Q#HT.txt (text/plain) in CBT.V508.FILE392.PDS, moved to PDS/Q#HT
2025-04-04 09:01:16.489828 - Found Q#II.txt (text/plain) in CBT.V508.FILE392.PDS, moved to PDS/Q#II
2025-04-04 09:01:16.489954 - Found Q#IIX.txt (text/plain) in CBT.V508.FILE392.PDS, moved to PDS/Q#IIX
2025-04-04 09:01:16.490076 - Found Q#IN.txt (text/plain) in CBT.V508.FILE392.PDS, moved to PDS/Q#IN
2025-04-04 09:01:16.490194 - Found Q#JI.txt (text/plain) in CBT.V508.FILE392.PDS, moved to PDS/Q#JI
2025-04-04 09:01:16.490323 - Found Q#JN.txt (text/plain) in CBT.V508.FILE392.PDS, moved to PDS/Q#JN
2025-04-04 09:01:16.490431 - Found Q#JS.txt (text/plain) in CBT.V508.FILE392.PDS, moved to PDS/Q#JS
2025-04-04 09:01:16.490553 - Found Q#KL.txt (text/plain) in CBT.V508.FILE392.PDS, moved to PDS/Q#KL
2025-04-04 09:01:16.490676 - Found Q#LD.txt (text/plain) in CBT.V508.FILE392.PDS, moved to PDS/Q#LD
2025-04-04 09:01:16.490784 - Found Q#LI.txt (text/plain) in CBT.V508.FILE392.PDS, moved to PDS/Q#LI
2025-04-04 09:01:16.490893 - Found Q#LT.txt (text/plain) in CBT.V508.FILE392.PDS, moved to PDS/Q#LT
2025-04-04 09:01:16.491006 - Found Q#MC.txt (text/plain) in CBT.V508.FILE392.PDS, moved to PDS/Q#MC
2025-04-04 09:01:16.491118 - Found Q#MO.txt (text/plain) in CBT.V508.FILE392.PDS, moved to PDS/Q#MO
2025-04-04 09:01:16.491235 - Found Q#OC.txt (text/plain) in CBT.V508.FILE392.PDS, moved to PDS/Q#OC
2025-04-04 09:01:16.491358 - Found Q#PA.txt (text/plain) in CBT.V508.FILE392.PDS, moved to PDS/Q#PA
2025-04-04 09:01:16.491473 - Found Q#PA@.txt (text/plain) in CBT.V508.FILE392.PDS, moved to PDS/Q#PA@
2025-04-04 09:01:16.491587 - Found Q#PF.txt (text/plain) in CBT.V508.FILE392.PDS, moved to PDS/Q#PF
2025-04-04 09:01:16.491712 - Found Q#PR.txt (text/plain) in CBT.V508.FILE392.PDS, moved to PDS/Q#PR
2025-04-04 09:01:16.491832 - Found Q#QC.txt (text/plain) in CBT.V508.FILE392.PDS, moved to PDS/Q#QC
2025-04-04 09:01:16.491945 - Found Q#QD.txt (text/plain) in CBT.V508.FILE392.PDS, moved to PDS/Q#QD
2025-04-04 09:01:16.492067 - Found Q#QI.txt (text/plain) in CBT.V508.FILE392.PDS, moved to PDS/Q#QI
2025-04-04 09:01:16.492182 - Found Q#QQ.txt (text/plain) in CBT.V508.FILE392.PDS, moved to PDS/Q#QQ
2025-04-04 09:01:16.492326 - Found Q#QS.txt (text/plain) in CBT.V508.FILE392.PDS, moved to PDS/Q#QS
2025-04-04 09:01:16.492442 - Found Q#RL.txt (text/plain) in CBT.V508.FILE392.PDS, moved to PDS/Q#RL
2025-04-04 09:01:16.492567 - Found Q#RP.txt (text/plain) in CBT.V508.FILE392.PDS, moved to PDS/Q#RP
2025-04-04 09:01:16.492678 - Found Q#RS.txt (text/plain) in CBT.V508.FILE392.PDS, moved to PDS/Q#RS
2025-04-04 09:01:16.492789 - Found Q#SF.txt (text/plain) in CBT.V508.FILE392.PDS, moved to PDS/Q#SF
2025-04-04 09:01:16.492900 - Found Q#SL.txt (text/plain) in CBT.V508.FILE392.PDS, moved to PDS/Q#SL
2025-04-04 09:01:16.493013 - Found Q#SO.txt (text/plain) in CBT.V508.FILE392.PDS, moved to PDS/Q#SO
2025-04-04 09:01:16.493138 - Found Q#SR.txt (text/plain) in CBT.V508.FILE392.PDS, moved to PDS/Q#SR
2025-04-04 09:01:16.493248 - Found Q#SV.txt (text/plain) in CBT.V508.FILE392.PDS, moved to PDS/Q#SV
2025-04-04 09:01:16.493361 - Found Q#SV@.txt (text/plain) in CBT.V508.FILE392.PDS, moved to PDS/Q#SV@
2025-04-04 09:01:16.493491 - Found Q#SY.txt (text/plain) in CBT.V508.FILE392.PDS, moved to PDS/Q#SY
2025-04-04 09:01:16.493605 - Found Q#TC.txt (text/plain) in CBT.V508.FILE392.PDS, moved to PDS/Q#TC
2025-04-04 09:01:16.493721 - Found Q#TC@.txt (text/plain) in CBT.V508.FILE392.PDS, moved to PDS/Q#TC@
2025-04-04 09:01:16.493850 - Found Q#TG.txt (text/plain) in CBT.V508.FILE392.PDS, moved to PDS/Q#TG
2025-04-04 09:01:16.493966 - Found QAPF.txt (text/plain) in CBT.V508.FILE392.PDS, moved to PDS/QAPF
2025-04-04 09:01:16.494260 - Found QAUTH.txt (text/plain) in CBT.V508.FILE392.PDS, moved to PDS/QAUTH
2025-04-04 09:01:16.494433 - Found QCALL.txt (text/plain) in CBT.V508.FILE392.PDS, moved to PDS/QCALL
2025-04-04 09:01:16.494575 - Found QCALL@.txt (text/plain) in CBT.V508.FILE392.PDS, moved to PDS/QCALL@
2025-04-04 09:01:16.494697 - Found QCALL@2.txt (text/plain) in CBT.V508.FILE392.PDS, moved to PDS/QCALL@2
2025-04-04 09:01:16.494824 - Found QCBFE.txt (text/plain) in CBT.V508.FILE392.PDS, moved to PDS/QCBFE
2025-04-04 09:01:16.494946 - Found QCBLKNUM.txt (text/plain) in CBT.V508.FILE392.PDS, moved to PDS/QCBLKNUM
2025-04-04 09:01:16.495067 - Found QCEDIMAC.txt (text/plain) in CBT.V508.FILE392.PDS, moved to PDS/QCEDIMAC
2025-04-04 09:01:16.495187 - Found QCMDE.txt (text/plain) in CBT.V508.FILE392.PDS, moved to PDS/QCMDE
2025-04-04 09:01:16.495308 - Found QCMDS.bin (application/octet-stream) in CBT.V508.FILE392.PDS, moved to PDS/QCMDS
2025-04-04 09:01:16.495444 - Found QCOMMON.txt (text/plain) in CBT.V508.FILE392.PDS, moved to PDS/QCOMMON
2025-04-04 09:01:16.495576 - Found QCQQ.txt (text/plain) in CBT.V508.FILE392.PDS, moved to PDS/QCQQ
2025-04-04 09:01:16.495716 - Found QCQQX.rexx (text/plain) in CBT.V508.FILE392.PDS, moved to PDS/QCQQX
2025-04-04 09:01:16.495839 - Found QDCB.txt (text/plain) in CBT.V508.FILE392.PDS, moved to PDS/QDCB
2025-04-04 09:01:16.495964 - Found QDEBUG.txt (text/plain) in CBT.V508.FILE392.PDS, moved to PDS/QDEBUG
2025-04-04 09:01:16.496084 - Found QDSTAB.txt (text/plain) in CBT.V508.FILE392.PDS, moved to PDS/QDSTAB
2025-04-04 09:01:16.496201 - Found QGLOBAL@.txt (text/plain) in CBT.V508.FILE392.PDS, moved to PDS/QGLOBAL@
2025-04-04 09:01:16.496320 - Found QGLOBALS.txt (text/plain) in CBT.V508.FILE392.PDS, moved to PDS/QGLOBALS
2025-04-04 09:01:16.496443 - Found QHASPEQ@.txt (text/plain) in CBT.V508.FILE392.PDS, moved to PDS/QHASPEQ@
2025-04-04 09:01:16.496574 - Found QHASPEQU.txt (text/plain) in CBT.V508.FILE392.PDS, moved to PDS/QHASPEQU
2025-04-04 09:01:16.496693 - Found QITEM.txt (text/plain) in CBT.V508.FILE392.PDS, moved to PDS/QITEM
2025-04-04 09:01:16.496821 - Found QITEM@.txt (text/plain) in CBT.V508.FILE392.PDS, moved to PDS/QITEM@
2025-04-04 09:01:16.496942 - Found QLCB.txt (text/plain) in CBT.V508.FILE392.PDS, moved to PDS/QLCB
2025-04-04 09:01:16.497060 - Found QNEWCMD.txt (text/plain) in CBT.V508.FILE392.PDS, moved to PDS/QNEWCMD
2025-04-04 09:01:16.497174 - Found QNEXT.txt (text/plain) in CBT.V508.FILE392.PDS, moved to PDS/QNEXT
2025-04-04 09:01:16.497291 - Found QPBRO.txt (text/plain) in CBT.V508.FILE392.PDS, moved to PDS/QPBRO
2025-04-04 09:01:16.497413 - Found QPENTRY.txt (text/plain) in CBT.V508.FILE392.PDS, moved to PDS/QPENTRY
2025-04-04 09:01:16.497538 - Found QPTBL.txt (text/plain) in CBT.V508.FILE392.PDS, moved to PDS/QPTBL
2025-04-04 09:01:16.497653 - Found QREGS.txt (text/plain) in CBT.V508.FILE392.PDS, moved to PDS/QREGS
2025-04-04 09:01:16.497771 - Found QSORT.txt (text/plain) in CBT.V508.FILE392.PDS, moved to PDS/QSORT
2025-04-04 09:01:16.497900 - Found QSTACK.txt (text/plain) in CBT.V508.FILE392.PDS, moved to PDS/QSTACK
2025-04-04 09:01:16.498011 - Found QSTART.txt (text/plain) in CBT.V508.FILE392.PDS, moved to PDS/QSTART
2025-04-04 09:01:16.498127 - Found QSTART$$.txt (text/plain) in CBT.V508.FILE392.PDS, moved to PDS/QSTART$$
2025-04-04 09:01:16.498246 - Found QTILT.txt (text/plain) in CBT.V508.FILE392.PDS, moved to PDS/QTILT
2025-04-04 09:01:16.498364 - Found QUEUE.txt (text/plain) in CBT.V508.FILE392.PDS, moved to PDS/QUEUE
2025-04-04 09:01:16.498488 - Found QUEUEASM.txt (text/plain) in CBT.V508.FILE392.PDS, moved to PDS/QUEUEASM
2025-04-04 09:01:16.498618 - Found QUEUELNK.txt (text/plain) in CBT.V508.FILE392.PDS, moved to PDS/QUEUELNK
2025-04-04 09:01:16.498735 - Found QZACCVT.txt (text/plain) in CBT.V508.FILE392.PDS, moved to PDS/QZACCVT
2025-04-04 09:01:16.498852 - Found QZACDSV.txt (text/plain) in CBT.V508.FILE392.PDS, moved to PDS/QZACDSV
2025-04-04 09:01:16.498980 - Found QZACFJCB.txt (text/plain) in CBT.V508.FILE392.PDS, moved to PDS/QZACFJCB
2025-04-04 09:01:16.499092 - Found QZACFNJB.txt (text/plain) in CBT.V508.FILE392.PDS, moved to PDS/QZACFNJB
2025-04-04 09:01:16.499212 - Found QZACVALD.txt (text/plain) in CBT.V508.FILE392.PDS, moved to PDS/QZACVALD
2025-04-04 09:01:16.499325 - Found QZASCB.txt (text/plain) in CBT.V508.FILE392.PDS, moved to PDS/QZASCB
2025-04-04 09:01:16.499448 - Found QZASVT.txt (text/plain) in CBT.V508.FILE392.PDS, moved to PDS/QZASVT
2025-04-04 09:01:16.499567 - Found QZCPPL.txt (text/plain) in CBT.V508.FILE392.PDS, moved to PDS/QZCPPL
2025-04-04 09:01:16.499686 - Found QZCSCB.txt (text/plain) in CBT.V508.FILE392.PDS, moved to PDS/QZCSCB
2025-04-04 09:01:16.499819 - Found QZCVT.txt (text/plain) in CBT.V508.FILE392.PDS, moved to PDS/QZCVT
2025-04-04 09:01:16.499933 - Found QZDCBD.txt (text/plain) in CBT.V508.FILE392.PDS, moved to PDS/QZDCBD
2025-04-04 09:01:16.500051 - Found QZDEB.txt (text/plain) in CBT.V508.FILE392.PDS, moved to PDS/QZDEB
2025-04-04 09:01:16.500183 - Found QZIHAETD.txt (text/plain) in CBT.V508.FILE392.PDS, moved to PDS/QZIHAETD
2025-04-04 09:01:16.500305 - Found QZJESCT.txt (text/plain) in CBT.V508.FILE392.PDS, moved to PDS/QZJESCT
2025-04-04 09:01:16.500428 - Found QZJSCB.txt (text/plain) in CBT.V508.FILE392.PDS, moved to PDS/QZJSCB
2025-04-04 09:01:16.500546 - Found QZKEYS.txt (text/plain) in CBT.V508.FILE392.PDS, moved to PDS/QZKEYS
2025-04-04 09:01:16.500658 - Found QZMCS.txt (text/plain) in CBT.V508.FILE392.PDS, moved to PDS/QZMCS
2025-04-04 09:01:16.500789 - Found QZOUCB.txt (text/plain) in CBT.V508.FILE392.PDS, moved to PDS/QZOUCB
2025-04-04 09:01:16.500910 - Found QZPSA.txt (text/plain) in CBT.V508.FILE392.PDS, moved to PDS/QZPSA
2025-04-04 09:01:16.501030 - Found QZPSCB.txt (text/plain) in CBT.V508.FILE392.PDS, moved to PDS/QZPSCB
2025-04-04 09:01:16.501144 - Found QZRAX.txt (text/plain) in CBT.V508.FILE392.PDS, moved to PDS/QZRAX
2025-04-04 09:01:16.501262 - Found QZSSCT.txt (text/plain) in CBT.V508.FILE392.PDS, moved to PDS/QZSSCT
2025-04-04 09:01:16.501376 - Found QZSSIB.txt (text/plain) in CBT.V508.FILE392.PDS, moved to PDS/QZSSIB
2025-04-04 09:01:16.501490 - Found QZSSOB.txt (text/plain) in CBT.V508.FILE392.PDS, moved to PDS/QZSSOB
2025-04-04 09:01:16.501605 - Found QZTCB.txt (text/plain) in CBT.V508.FILE392.PDS, moved to PDS/QZTCB
2025-04-04 09:01:16.501730 - Found QZTEXT.txt (text/plain) in CBT.V508.FILE392.PDS, moved to PDS/QZTEXT
2025-04-04 09:01:16.501860 - Found QZTSVT.txt (text/plain) in CBT.V508.FILE392.PDS, moved to PDS/QZTSVT
2025-04-04 09:01:16.501974 - Found QZUCB.txt (text/plain) in CBT.V508.FILE392.PDS, moved to PDS/QZUCB
2025-04-04 09:01:16.502105 - Found QZZB505.txt (text/plain) in CBT.V508.FILE392.PDS, moved to PDS/QZZB505
2025-04-04 09:01:16.502231 - Found SPFQUEUE.txt (text/plain) in CBT.V508.FILE392.PDS, moved to PDS/SPFQUEUE
2025-04-04 09:01:16.502353 - Found SPFQUEUX.rexx (text/plain) in CBT.V508.FILE392.PDS, moved to PDS/SPFQUEUX
